[03/11/2019 15:52:03] 'fake_file.csv' doesn't exist
[03/11/2019 15:52:31] Kill called
[03/11/2019 15:53:06] Paul1 already exists
[03/11/2019 15:53:06] John1 already exists
[03/11/2019 15:53:06] Hamish1 already exists
[03/11/2019 15:53:06] Joe1 created
[03/11/2019 15:53:06] Gerry1 created
[03/11/2019 15:53:06] John1 created
[03/11/2019 15:53:06] Jean1 created
[03/11/2019 15:53:06] Andy1 created
[03/11/2019 15:53:06] Hasan1 created
[03/11/2019 15:53:06] Hamish1 created
[03/11/2019 15:53:06] Earl1 created
[03/11/2019 15:53:06] Paul1 created
[03/11/2019 15:53:06] Oscar1 created
[03/11/2019 15:53:06] Adele1 created
[03/11/2019 15:53:06] Afia1 created
[03/11/2019 15:53:06] Nadia1 created
[03/11/2019 15:53:06] Edward1 created
[03/11/2019 15:53:06] Wade1 created
[03/11/2019 15:53:06] Tamara1 created
[03/11/2019 15:53:06] Rafael1 created
[03/11/2019 15:53:06] Paul2 created
[03/11/2019 15:53:06] John2 created
[03/11/2019 15:53:06] Hamish2 created
